<?xml version="1.0" encoding="UTF-8"?>
<!-- Generated by org.testng.reporters.JUnitReportReporter -->
<testsuite hostname="DESKTOP-MV6L4GQ" failures="0" tests="1" name="com.magnus.smokeTests.DemoQaHomePageTestsPageFactory" time="9.667" errors="0" timestamp="2022-01-28T11:07:36 IST" skipped="0">
  <testcase classname="com.magnus.smokeTests.DemoQaHomePageTestsPageFactory" name="PageFactoryTest1" time="9.667"/>
  <system-out/>
</testsuite> <!-- com.magnus.smokeTests.DemoQaHomePageTestsPageFactory -->
