<?xml version="1.0" encoding="UTF-8"?>
<!-- Generated by org.testng.reporters.JUnitReportReporter -->
<testsuite hostname="DESKTOP-MV6L4GQ" failures="0" tests="1" name="com.magnus.smokeTests.DemoQaHomePageTests" time="14.555" errors="0" timestamp="2022-01-28T11:07:36 IST" skipped="0">
  <testcase classname="com.magnus.smokeTests.DemoQaHomePageTests" name="homePateTestCase1" time="14.555"/>
  <system-out/>
</testsuite> <!-- com.magnus.smokeTests.DemoQaHomePageTests -->
